07-06-2025 03:01 pm Utils [INFO] [Utils] MethodGroupsHelper.collectMethodsByGroup() took 4 ms.
07-06-2025 03:01 pm Utils [INFO] [Utils] MethodGroupsHelper.sortMethods() took 9 ms.
07-06-2025 03:01 pm Utils [INFO] [Utils] MethodGroupsHelper.collectMethodsByGroup() took 3 ms.
07-06-2025 03:01 pm Utils [INFO] [Utils] MethodGroupsHelper.sortMethods() took 0 ms.
07-06-2025 03:01 pm Utils [INFO] [Utils] MethodGroupsHelper.collectMethodsByGroup() took 0 ms.
07-06-2025 03:01 pm Utils [INFO] [Utils] MethodGroupsHelper.sortMethods() took 0 ms.
07-06-2025 03:01 pm Utils [INFO] [Utils] MethodGroupsHelper.collectMethodsByGroup() took 0 ms.
07-06-2025 03:01 pm Utils [INFO] [Utils] MethodGroupsHelper.sortMethods() took 0 ms.
07-06-2025 03:01 pm Utils [INFO] [Utils] MethodGroupsHelper.collectMethodsByGroup() took 0 ms.
07-06-2025 03:01 pm Utils [INFO] [Utils] MethodGroupsHelper.sortMethods() took 0 ms.
07-06-2025 03:01 pm Utils [INFO] [Utils] MethodGroupsHelper.collectMethodsByGroup() took 0 ms.
07-06-2025 03:01 pm Utils [INFO] [Utils] MethodGroupsHelper.sortMethods() took 0 ms.
07-06-2025 03:01 pm Utils [INFO] [Utils] MethodGroupsHelper.collectMethodsByGroup() took 0 ms.
07-06-2025 03:01 pm Utils [INFO] [Utils] MethodGroupsHelper.sortMethods() took 0 ms.
07-06-2025 03:01 pm Utils [INFO] [Utils] MethodGroupsHelper.collectMethodsByGroup() took 0 ms.
07-06-2025 03:01 pm Utils [INFO] [Utils] MethodGroupsHelper.sortMethods() took 1 ms.
07-06-2025 03:01 pm Utils [INFO] [Utils] MethodGroupsHelper.collectMethodsByGroup() took 0 ms.
07-06-2025 03:01 pm Utils [INFO] [Utils] MethodGroupsHelper.sortMethods() took 0 ms.
07-06-2025 03:01 pm Utils [INFO] [Utils] MethodGroupsHelper.collectMethodsByGroup() took 0 ms.
07-06-2025 03:01 pm Utils [INFO] [Utils] MethodGroupsHelper.sortMethods() took 0 ms.
07-06-2025 03:01 pm Utils [INFO] [Utils] MethodGroupsHelper.collectMethodsByGroup() took 0 ms.
07-06-2025 03:01 pm Utils [INFO] [Utils] MethodGroupsHelper.sortMethods() took 1 ms.
07-06-2025 03:01 pm Utils [INFO] [Utils] MethodGroupsHelper.collectMethodsByGroup() took 0 ms.
07-06-2025 03:01 pm Utils [INFO] [Utils] MethodGroupsHelper.sortMethods() took 1 ms.
07-06-2025 03:01 pm Utils [INFO] [Utils] MethodGroupsHelper.collectMethodsByGroup() took 0 ms.
07-06-2025 03:01 pm Utils [INFO] [Utils] MethodGroupsHelper.sortMethods() took 1 ms.
07-06-2025 03:01 pm Utils [INFO] [Utils] MethodGroupsHelper.collectMethodsByGroup() took 0 ms.
07-06-2025 03:01 pm Utils [INFO] [Utils] MethodGroupsHelper.sortMethods() took 1 ms.
07-06-2025 03:01 pm Utils [INFO] [Utils] MethodGroupsHelper.collectMethodsByGroup() took 0 ms.
07-06-2025 03:01 pm Utils [INFO] [Utils] MethodGroupsHelper.sortMethods() took 1 ms.
07-06-2025 03:01 pm Utils [INFO] [TestNG] Running:
  C:\Users\sohan\AppData\Local\Temp\testng-eclipse--1373979968\testng-customsuite.xml

07-06-2025 03:01 pm ConfigReader [INFO] ::::Maximizing Window::::
07-06-2025 03:01 pm ConfigReader [INFO] ::::Entering URL::::
07-06-2025 03:01 pm Utils [INFO] [Utils] DynamicGraphHelper.createDynamicGraph() took 3 ms.
07-06-2025 03:01 pm ReportUtils [INFO] pagestest.LoginExceldataprovider ===>  Invalid Login Test Started
07-06-2025 03:01 pm ReportUtils [INFO] pages.Login_Page ===>  Sending keys to element : Username
07-06-2025 03:01 pm ReportUtils [INFO] pages.Login_Page ===>  Successfully sent keys: Admin to element : Username
07-06-2025 03:01 pm ReportUtils [INFO] pages.Login_Page ===>  Sending keys to element : Password
07-06-2025 03:01 pm ReportUtils [INFO] pages.Login_Page ===>  Successfully sent keys: 1111 to element : Password
07-06-2025 03:01 pm ReportUtils [INFO] pages.Login_Page ===>  Attempting to click element : Login
07-06-2025 03:01 pm ReportUtils [INFO] pages.Login_Page ===>  Successfully clicked element : Login
07-06-2025 03:01 pm ReportUtils [INFO] pages.Login_Page ===>  Invalid Login Test Passed
07-06-2025 03:01 pm ReportUtils [INFO] pagestest.LoginExceldataprovider ===>  Valid Login Test Started
07-06-2025 03:01 pm ReportUtils [INFO] pages.Login_Page ===>  Attempting to clear and send keys to element
07-06-2025 03:01 pm ReportUtils [INFO] pages.Login_Page ===>  Cleared element content
07-06-2025 03:01 pm ReportUtils [INFO] pages.Login_Page ===>  Successfully sent keys : Admin to element : Username
07-06-2025 03:01 pm ReportUtils [INFO] pages.Login_Page ===>  Attempting to clear and send keys to element
07-06-2025 03:01 pm ReportUtils [INFO] pages.Login_Page ===>  Cleared element content
07-06-2025 03:01 pm ReportUtils [INFO] pages.Login_Page ===>  Successfully sent keys : admin123 to element : Password
07-06-2025 03:01 pm ReportUtils [INFO] pages.Login_Page ===>  Attempting to click element : Login
07-06-2025 03:01 pm ReportUtils [INFO] pages.Login_Page ===>  Successfully clicked element : Login
07-06-2025 03:01 pm ReportUtils [INFO] pages.Login_Page ===>  Checking if element is displayed : Dashboard
07-06-2025 03:01 pm ReportUtils [INFO] pages.Login_Page ===>  Element displayed status : true
07-06-2025 03:01 pm ReportUtils [INFO] pages.Login_Page ===>  Valid Login Test Passed
07-06-2025 03:01 pm Utils [INFO] [TestNG] Time taken by org.testng.reporters.jq.Main@3739f3c9: 40 ms
07-06-2025 03:01 pm Utils [INFO] [TestNG] Time taken by org.testng.reporters.FailedReporter@7ab2ba47: 1 ms
07-06-2025 03:01 pm Utils [INFO] [TestNG] Time taken by org.testng.reporters.XMLReporter@631bc9f4: 7 ms
07-06-2025 03:01 pm Utils [INFO] [TestNG] Time taken by org.testng.reporters.EmailableReporter2@15186ce0: 5 ms
07-06-2025 03:01 pm Utils [INFO] [TestNG] Time taken by org.testng.reporters.JUnitReportReporter@64ec1459: 4 ms
07-06-2025 03:01 pm Utils [INFO] [TestNG] Time taken by org.testng.internal.ExitCodeListener@1aac0a47: 0 ms
